#
# A fatal error has been detected by the Java Runtime Environment:
#
#  EXCEPTION_UNCAUGHT_CXX_EXCEPTION (0xe06d7363) at pc=0x00007ffad0d6a388, pid=17312, tid=0x00000000000007a8
#
# JRE version: Java(TM) SE Runtime Environment (8.0_221-b11) (build 1.8.0_221-b11)
# Java VM: Java HotSpot(TM) 64-Bit Server VM (25.221-b11 mixed mode windows-amd64 compressed oops)
# Problematic frame:
# C  [KERNELBASE.dll+0x3a388]
#
# Failed to write core dump. Minidumps are not enabled by default on client versions of Windows
#
# If you would like to submit a bug report, please visit:
#   http://bugreport.java.com/bugreport/crash.jsp
# The crash happened outside the Java Virtual Machine in native code.
# See problematic frame for where to report the bug.
#

---------------  T H R E A D  ---------------

Current thread (0x00000000036be800):  JavaThread "main" [_thread_in_native, id=1960, stack(0x00000000035b0000,0x00000000036b0000)]

siginfo: ExceptionCode=0xe06d7363, ExceptionInformation=0x0000000019930520 0x00000000036a6c20 0x00007ffa72fa7f60 0x00007ffa6fa40000 

Registers:
RAX=0x0000000017940468, RBX=0x00000000036a6ac0, RCX=0x0000000017b96e38, RDX=0x0000000017943a20
RSP=0x00000000036a4590, RBP=0x00000000036a4c20, RSI=0x00000000036a46d0, RDI=0x00000000036a5380
R8 =0x0000000017beb730, R9 =0x0000000000000000, R10=0x0000000017beb2c0, R11=0x0000000017ba9968
R12=0x00000000036a5998, R13=0x00007ffa7238d2b3, R14=0x0000000000000000, R15=0x00000000036a8b30
RIP=0x00007ffad0d6a388, EFLAGS=0x0000000000000206

Top of Stack: (sp=0x00000000036a4590)
0x00000000036a4590:   0000000000000001 00000000036a6ac0
0x00000000036a45a0:   00000000036a46d0 00000000036a5380
0x00000000036a45b0:   00000001e06d7363 0000000000000000
0x00000000036a45c0:   00007ffad0d6a388 0000000000000004
0x00000000036a45d0:   0000000019930520 00000000036a6c20
0x00000000036a45e0:   00007ffa72fa7f60 00007ffa6fa40000
0x00000000036a45f0:   00000000036a9320 00007ffa7238d351
0x00000000036a4600:   0000000000000000 000000016cafacb0
0x00000000036a4610:   00000000036a8b30 0000000000000000
0x00000000036a4620:   00005025399f3f5c 00000000036a5998
0x00000000036a4630:   0000000000000008 00007ffac7ef49c6
0x00000000036a4640:   0000000000000008 00000000036a4c20
0x00000000036a4650:   00009cb438911ab4 0000000017b19d30
0x00000000036a4660:   00000000036a5380 00007ffac7ef2ef1
0x00000000036a4670:   00000000036a6ac0 00000000036a4c20
0x00000000036a4680:   00000000036a46d0 0000000017ad6440 

Instructions: (pc=0x00007ffad0d6a388)
0x00007ffad0d6a368:   49 8b d1 44 0f 47 c0 44 89 44 24 38 49 c1 e0 03
0x00007ffad0d6a378:   e8 0a 48 04 00 48 8d 4c 24 20 ff 15 f0 82 14 00
0x00007ffad0d6a388:   48 8b 8c 24 c0 00 00 00 48 33 cc e8 58 06 04 00
0x00007ffad0d6a398:   48 81 c4 d8 00 00 00 c3 83 64 24 38 00 eb d6 cc 


Register to memory mapping:

RAX={method} {0x0000000017940470} '<init>' '()V' in 'java/lang/Object'
RBX=0x00000000036a6ac0 is pointing into the stack for thread: 0x00000000036be800
RCX=0x0000000017b96e38 is pointing into metadata
RDX={method} {0x0000000017943a28} '<init>' '([CZ)V' in 'java/lang/String'
RSP=0x00000000036a4590 is pointing into the stack for thread: 0x00000000036be800
RBP=0x00000000036a4c20 is pointing into the stack for thread: 0x00000000036be800
RSI=0x00000000036a46d0 is pointing into the stack for thread: 0x00000000036be800
RDI=0x00000000036a5380 is pointing into the stack for thread: 0x00000000036be800
R8 =0x0000000017beb730 is pointing into metadata
R9 =0x0000000000000000 is an unknown value
R10=0x0000000017beb2c0 is pointing into metadata
R11=0x0000000017ba9968 is pointing into metadata
R12=0x00000000036a5998 is pointing into the stack for thread: 0x00000000036be800
R13=0x00007ffa7238d2b3 is an unknown value
R14=0x0000000000000000 is an unknown value
R15=0x00000000036a8b30 is pointing into the stack for thread: 0x00000000036be800


Stack: [0x00000000035b0000,0x00000000036b0000],  sp=0x00000000036a4590,  free space=977k
Native frames: (J=compiled Java code, j=interpreted, Vv=VM code, C=native code)
C  [KERNELBASE.dll+0x3a388]
C  [VCRUNTIME140.dll+0x2ef1]
C  [ntdll.dll+0x9ed63]
C  [tensorflow_jni.dll+0x294d2a1]
C  [VCRUNTIME140.dll+0xc8c0]
C  [VCRUNTIME140.dll+0x2e83]
C  [ntdll.dll+0x9ed63]
C  [tensorflow_jni.dll+0x1f123b]
C  [tensorflow_jni.dll+0x1f2976]
C  [tensorflow_jni.dll+0x1e78a6]
C  [tensorflow_jni.dll+0x1ec92f]
C  [tensorflow_jni.dll+0x27fdc20]
C  [tensorflow_jni.dll+0x27fc7b5]
C  [tensorflow_jni.dll+0x24de188]
C  [tensorflow_jni.dll+0x249de1a]
C  [tensorflow_jni.dll+0x248a825]
C  [tensorflow_jni.dll+0x248747c]
C  [tensorflow_jni.dll+0x2477439]
C  [tensorflow_jni.dll+0x247c30a]
C  [tensorflow_jni.dll+0x247856f]
C  [tensorflow_jni.dll+0x2407fe5]
C  [tensorflow_jni.dll+0x24078c7]
C  [tensorflow_jni.dll+0x240669b]
C  [tensorflow_jni.dll+0x2407e78]
C  [tensorflow_jni.dll+0x23fffab]
C  [tensorflow_jni.dll+0x23fd34e]
C  [tensorflow_jni.dll+0x23e7c5a]
C  [tensorflow_jni.dll+0x23e6a73]
C  [tensorflow_jni.dll+0x23ea118]
C  [tensorflow_jni.dll+0x23ed216]
C  [tensorflow_jni.dll+0x1fe632]
C  [tensorflow_jni.dll+0x20c9cc]
C  [tensorflow_jni.dll+0x1e464c]
C  0x0000000003838c67

Java frames: (J=compiled Java code, j=interpreted, Vv=VM code)
j  org.tensorflow.Session.run(J[B[J[J[I[J[I[JZ[J)[B+0
j  org.tensorflow.Session.access$100(J[B[J[J[I[J[I[JZ[J)[B+17
j  org.tensorflow.Session$Runner.runHelper(Z)Lorg/tensorflow/Session$Run;+336
j  org.tensorflow.Session$Runner.run()Ljava/util/List;+2
j  DM.test.App.main([Ljava/lang/String;)V+100
v  ~StubRoutines::call_stub

---------------  P R O C E S S  ---------------

Java Threads: ( => current thread )
  0x0000000019734000 JavaThread "Service Thread" daemon [_thread_blocked, id=32932, stack(0x0000000019fa0000,0x000000001a0a0000)]
  0x00000000196cb000 JavaThread "C1 CompilerThread2" daemon [_thread_blocked, id=27680, stack(0x0000000019ea0000,0x0000000019fa0000)]
  0x000000001833b800 JavaThread "C2 CompilerThread1" daemon [_thread_blocked, id=34832, stack(0x0000000019da0000,0x0000000019ea0000)]
  0x00000000182ef000 JavaThread "C2 CompilerThread0" daemon [_thread_blocked, id=33088, stack(0x0000000019ca0000,0x0000000019da0000)]
  0x00000000182ed800 JavaThread "Attach Listener" daemon [_thread_blocked, id=17332, stack(0x0000000019ba0000,0x0000000019ca0000)]
  0x00000000196a8800 JavaThread "Signal Dispatcher" daemon [_thread_blocked, id=30740, stack(0x0000000019aa0000,0x0000000019ba0000)]
  0x000000000381c000 JavaThread "Finalizer" daemon [_thread_blocked, id=13508, stack(0x0000000019540000,0x0000000019640000)]
  0x0000000003811000 JavaThread "Reference Handler" daemon [_thread_blocked, id=35252, stack(0x0000000019440000,0x0000000019540000)]
=>0x00000000036be800 JavaThread "main" [_thread_in_native, id=1960, stack(0x00000000035b0000,0x00000000036b0000)]

Other Threads:
  0x00000000182a7800 VMThread [stack: 0x0000000019340000,0x0000000019440000] [id=23092]
  0x0000000019755800 WatcherThread [stack: 0x000000001a0a0000,0x000000001a1a0000] [id=35680]

VM state:not at safepoint (normal execution)

VM Mutex/Monitor currently owned by a thread: None

heap address: 0x0000000082400000, size: 2012 MB, Compressed Oops mode: 32-bit
Narrow klass base: 0x0000000000000000, Narrow klass shift: 3
Compressed class space size: 1073741824 Address: 0x0000000100000000

Heap:
 PSYoungGen      total 37888K, used 22395K [0x00000000d6180000, 0x00000000d8b80000, 0x0000000100000000)
  eden space 32768K, 68% used [0x00000000d6180000,0x00000000d775ee70,0x00000000d8180000)
  from space 5120K, 0% used [0x00000000d8680000,0x00000000d8680000,0x00000000d8b80000)
  to   space 5120K, 0% used [0x00000000d8180000,0x00000000d8180000,0x00000000d8680000)
 ParOldGen       total 944128K, used 905380K [0x0000000082400000, 0x00000000bbe00000, 0x00000000d6180000)
  object space 944128K, 95% used [0x0000000082400000,0x00000000b9829310,0x00000000bbe00000)
 Metaspace       used 4990K, capacity 5248K, committed 5376K, reserved 1056768K
  class space    used 585K, capacity 669K, committed 768K, reserved 1048576K

Card table byte_map: [0x0000000012be0000,0x0000000012fd0000] byte_map_base: 0x00000000127ce000

Marking Bits: (ParMarkBitMap*) 0x000000005e945ce0
 Begin Bits: [0x0000000013670000, 0x00000000155e0000)
 End Bits:   [0x00000000155e0000, 0x0000000017550000)

Polling page: 0x0000000003500000

CodeCache: size=245760Kb used=1846Kb max_used=1846Kb free=243913Kb
 bounds [0x0000000003820000, 0x0000000003a90000, 0x0000000012820000]
 total_blobs=657 nmethods=372 adapters=198
 compilation: enabled

Compilation events (10 events):
Event: 19.343 Thread 0x00000000196cb000  368       1       java.security.CodeSource::getLocation (5 bytes)
Event: 19.343 Thread 0x00000000196cb000 nmethod 368 0x00000000039eb850 code [0x00000000039eb9a0, 0x00000000039ebab0]
Event: 19.345 Thread 0x00000000196cb000  369       1       java.net.URLClassLoader::access$000 (5 bytes)
Event: 19.345 Thread 0x00000000196cb000 nmethod 369 0x00000000039ebb10 code [0x00000000039ebc60, 0x00000000039ebd50]
Event: 19.345 Thread 0x00000000196cb000  370       3       java.net.URL::isBuiltinStreamHandler (12 bytes)
Event: 19.346 Thread 0x00000000196cb000 nmethod 370 0x00000000039ebdd0 code [0x00000000039ebf60, 0x00000000039ec4f8]
Event: 19.346 Thread 0x00000000196cb000  371       3       java.net.URL::isBuiltinStreamHandler (7 bytes)
Event: 19.346 Thread 0x00000000196cb000 nmethod 371 0x00000000039ec710 code [0x00000000039ec880, 0x00000000039ecb88]
Event: 19.346 Thread 0x00000000196cb000  372       3       sun.net.util.IPAddressUtil::checkHostString (53 bytes)
Event: 19.346 Thread 0x00000000196cb000 nmethod 372 0x00000000039ecc90 code [0x00000000039ecea0, 0x00000000039ed8f8]

GC Heap History (0 events):
No events

Deoptimization events (0 events):
No events

Classes redefined (0 events):
No events

Internal exceptions (10 events):
Event: 0.610 Thread 0x00000000036be800 Exception <a 'java/security/PrivilegedActionException'> (0x00000000d624a3d8) thrown at [C:\re\workspace\8-2-build-windows-amd64-cygwin\jdk8u221\13320\hotspot\src\share\vm\prims\jvm.cpp, line 1502]
Event: 0.610 Thread 0x00000000036be800 Exception <a 'java/security/PrivilegedActionException'> (0x00000000d624b5b0) thrown at [C:\re\workspace\8-2-build-windows-amd64-cygwin\jdk8u221\13320\hotspot\src\share\vm\prims\jvm.cpp, line 1502]
Event: 0.610 Thread 0x00000000036be800 Exception <a 'java/security/PrivilegedActionException'> (0x00000000d624b7c0) thrown at [C:\re\workspace\8-2-build-windows-amd64-cygwin\jdk8u221\13320\hotspot\src\share\vm\prims\jvm.cpp, line 1502]
Event: 0.619 Thread 0x00000000036be800 Exception <a 'java/lang/UnsatisfiedLinkError': org.tensorflow.TensorFlow.version()Ljava/lang/String;> (0x00000000d6264548) thrown at [C:\re\workspace\8-2-build-windows-amd64-cygwin\jdk8u221\13320\hotspot\src\share\vm\prims\nativeLookup.cpp, line 378]
Event: 0.651 Thread 0x00000000036be800 Exception <a 'java/security/PrivilegedActionException'> (0x00000000d6288010) thrown at [C:\re\workspace\8-2-build-windows-amd64-cygwin\jdk8u221\13320\hotspot\src\share\vm\prims\jvm.cpp, line 1502]
Event: 0.651 Thread 0x00000000036be800 Exception <a 'java/security/PrivilegedActionException'> (0x00000000d6288408) thrown at [C:\re\workspace\8-2-build-windows-amd64-cygwin\jdk8u221\13320\hotspot\src\share\vm\prims\jvm.cpp, line 1502]
Event: 0.652 Thread 0x00000000036be800 Exception <a 'java/security/PrivilegedActionException'> (0x00000000d628c448) thrown at [C:\re\workspace\8-2-build-windows-amd64-cygwin\jdk8u221\13320\hotspot\src\share\vm\prims\jvm.cpp, line 1502]
Event: 0.652 Thread 0x00000000036be800 Exception <a 'java/security/PrivilegedActionException'> (0x00000000d628c840) thrown at [C:\re\workspace\8-2-build-windows-amd64-cygwin\jdk8u221\13320\hotspot\src\share\vm\prims\jvm.cpp, line 1502]
Event: 19.213 Thread 0x00000000036be800 Exception <a 'java/lang/NoSuchFieldError': method resolution failed> (0x00000000d7648de8) thrown at [C:\re\workspace\8-2-build-windows-amd64-cygwin\jdk8u221\13320\hotspot\src\share\vm\prims\methodHandles.cpp, line 1167]
Event: 19.215 Thread 0x00000000036be800 Exception <a 'java/lang/NoSuchFieldError': method resolution failed> (0x00000000d76561e8) thrown at [C:\re\workspace\8-2-build-windows-amd64-cygwin\jdk8u221\13320\hotspot\src\share\vm\prims\methodHandles.cpp, line 1167]

Events (10 events):
Event: 19.320 loading class java/lang/NumberFormatException
Event: 19.320 loading class java/lang/NumberFormatException done
Event: 19.320 loading class org/tensorflow/Output
Event: 19.320 loading class org/tensorflow/Output done
Event: 19.321 loading class org/tensorflow/Operand
Event: 19.321 loading class org/tensorflow/Operand done
Event: 19.322 loading class org/tensorflow/Operation
Event: 19.322 loading class org/tensorflow/Operation done
Event: 19.345 loading class org/tensorflow/Session$Runner$Reference
Event: 19.345 loading class org/tensorflow/Session$Runner$Reference done


Dynamic libraries:
0x00007ff71aff0000 - 0x00007ff71b027000 	C:\Program Files\Java\jre1.8.0_221\bin\javaw.exe
0x00007ffad4430000 - 0x00007ffad4611000 	C:\windows\SYSTEM32\ntdll.dll
0x00007ffad34d0000 - 0x00007ffad3581000 	C:\windows\System32\KERNEL32.DLL
0x00007ffad0d30000 - 0x00007ffad0fa3000 	C:\windows\System32\KERNELBASE.dll
0x00007ffad1d10000 - 0x00007ffad1db1000 	C:\windows\System32\ADVAPI32.dll
0x00007ffad3590000 - 0x00007ffad362e000 	C:\windows\System32\msvcrt.dll
0x00007ffad39f0000 - 0x00007ffad3a4b000 	C:\windows\System32\sechost.dll
0x00007ffad37f0000 - 0x00007ffad3914000 	C:\windows\System32\RPCRT4.dll
0x00007ffad1dd0000 - 0x00007ffad1f60000 	C:\windows\System32\USER32.dll
0x00007ffad1740000 - 0x00007ffad1760000 	C:\windows\System32\win32u.dll
0x00007ffad3920000 - 0x00007ffad3948000 	C:\windows\System32\GDI32.dll
0x00007ffad0800000 - 0x00007ffad0991000 	C:\windows\System32\gdi32full.dll
0x00007ffad0aa0000 - 0x00007ffad0b3f000 	C:\windows\System32\msvcp_win.dll
0x00007ffad09a0000 - 0x00007ffad0a98000 	C:\windows\System32\ucrtbase.dll
0x00007ffabfac0000 - 0x00007ffabfd29000 	C:\windows\WinSxS\amd64_microsoft.windows.common-controls_6595b64144ccf1df_6.0.17134.915_none_fb42a6293065514f\COMCTL32.dll
0x00007ffad3dd0000 - 0x00007ffad40f2000 	C:\windows\System32\combase.dll
0x00007ffad0fb0000 - 0x00007ffad1029000 	C:\windows\System32\bcryptPrimitives.dll
0x00007ffad3a50000 - 0x00007ffad3a7d000 	C:\windows\System32\IMM32.DLL
0x0000000180000000 - 0x0000000180095000 	C:\windows\LVUAAgentInstBaseRoot\system32\Vozokopot.dll
0x00007ffac3240000 - 0x00007ffac3260000 	C:\windows\LVUAAgentInstBaseRoot\system32\MozartBreathFw.dll
0x00007ffac2d10000 - 0x00007ffac323c000 	C:\windows\LVUAAgentInstBaseRoot\system32\MozartBreathCore.dll
0x00007ffad4170000 - 0x00007ffad425d000 	C:\windows\System32\COMDLG32.dll
0x00007ffad1f60000 - 0x00007ffad2009000 	C:\windows\System32\shcore.dll
0x00007ffad3640000 - 0x00007ffad3691000 	C:\windows\System32\SHLWAPI.dll
0x00007ffad2010000 - 0x00007ffad3450000 	C:\windows\System32\SHELL32.dll
0x00007ffad1870000 - 0x00007ffad18b9000 	C:\windows\System32\cfgmgr32.dll
0x00007ffad1030000 - 0x00007ffad173d000 	C:\windows\System32\windows.storage.dll
0x00007ffad0790000 - 0x00007ffad07a1000 	C:\windows\System32\kernel.appcore.dll
0x00007ffad07e0000 - 0x00007ffad07ff000 	C:\windows\System32\profapi.dll
0x00007ffad0740000 - 0x00007ffad078c000 	C:\windows\System32\powrprof.dll
0x00007ffad07d0000 - 0x00007ffad07da000 	C:\windows\System32\FLTLIB.DLL
0x00007ffad3c70000 - 0x00007ffad3dc1000 	C:\windows\System32\ole32.dll
0x00007ffad36a0000 - 0x00007ffad3762000 	C:\windows\System32\OLEAUT32.dll
0x00007ffad3c00000 - 0x00007ffad3c6c000 	C:\windows\System32\WS2_32.dll
0x0000000062660000 - 0x00000000626fa000 	C:\windows\LVUAAgentInstBaseRoot\system32\SteinwayMSVCRT.dll
0x0000000062700000 - 0x00000000627d0000 	C:\windows\LVUAAgentInstBaseRoot\system32\SteinwayMSVCSTL.dll
0x00007ffac2be0000 - 0x00007ffac2c65000 	C:\windows\SYSTEM32\WINSPOOL.DRV
0x00007ffacd3f0000 - 0x00007ffacd403000 	C:\windows\SYSTEM32\WTSAPI32.dll
0x00007ffac2b10000 - 0x00007ffac2b2a000 	C:\windows\SYSTEM32\MPR.dll
0x00007ffacd1d0000 - 0x00007ffacd384000 	C:\windows\SYSTEM32\PROPSYS.dll
0x00007ffacfd10000 - 0x00007ffacfd48000 	C:\windows\SYSTEM32\IPHLPAPI.DLL
0x00007ffad02a0000 - 0x00007ffad02c5000 	C:\windows\SYSTEM32\bcrypt.dll
0x00007ffacfd50000 - 0x00007ffacfe0e000 	C:\windows\SYSTEM32\Dnsapi.dll
0x00007ffad4160000 - 0x00007ffad4168000 	C:\windows\System32\NSI.dll
0x00007ffacee90000 - 0x00007ffaceeb9000 	C:\windows\SYSTEM32\dwmapi.dll
0x00007ffac2ad0000 - 0x00007ffac2b0a000 	C:\windows\LVUAAgentInstBaseRoot\system32\MozartBreathNet.dll
0x00007ffac25d0000 - 0x00007ffac2603000 	C:\windows\LVUAAgentInstBaseRoot\system32\MozartBreathProcess.dll
0x00007ffac1c70000 - 0x00007ffac1c87000 	C:\windows\LVUAAgentInstBaseRoot\system32\MozartBreathBolo.dll
0x00007ffac1c50000 - 0x00007ffac1c65000 	C:\windows\LVUAAgentInstBaseRoot\system32\MozartBreathProtect.dll
0x00007ffabe310000 - 0x00007ffabe33b000 	C:\Program Files\MacType\MacType64.dll
0x00007ffabe340000 - 0x00007ffabe38f000 	C:\Program Files\MacType\Easyhk64.dll
0x00007ffabdf90000 - 0x00007ffabe08e000 	C:\Program Files\MacType\MacType64.Core.dll
0x00007ffacddd0000 - 0x00007fface397000 	C:\windows\SYSTEM32\d2d1.dll
0x00007ffac4850000 - 0x00007ffac4b6a000 	C:\windows\SYSTEM32\dwrite.dll
0x000000005e040000 - 0x000000005e112000 	C:\Program Files\Java\jre1.8.0_221\bin\msvcr100.dll
0x000000005e120000 - 0x000000005e9c5000 	C:\Program Files\Java\jre1.8.0_221\bin\server\jvm.dll
0x00007ffad1dc0000 - 0x00007ffad1dc8000 	C:\windows\System32\PSAPI.DLL
0x00007ffabf9b0000 - 0x00007ffabf9b9000 	C:\windows\SYSTEM32\WSOCK32.dll
0x00007ffacd5a0000 - 0x00007ffacd5c3000 	C:\windows\SYSTEM32\WINMM.dll
0x00007ffac0ce0000 - 0x00007ffac0cea000 	C:\windows\SYSTEM32\VERSION.dll
0x00007ffacd570000 - 0x00007ffacd59a000 	C:\windows\SYSTEM32\WINMMBASE.dll
0x00007ffac7fe0000 - 0x00007ffac7fef000 	C:\Program Files\Java\jre1.8.0_221\bin\verify.dll
0x00007ffab8f50000 - 0x00007ffab8f79000 	C:\Program Files\Java\jre1.8.0_221\bin\java.dll
0x00007ffac3630000 - 0x00007ffac3698000 	C:\windows\SYSTEM32\Wlanapi.dll
0x00007ffac79c0000 - 0x00007ffac79d6000 	C:\Program Files\Java\jre1.8.0_221\bin\zip.dll
0x00007ffa6fa40000 - 0x00007ffa73478000 	C:\Users\user\AppData\Local\Temp\tensorflow_native_libraries-1563847736666-0\tensorflow_jni.dll
0x00007ffaa56e0000 - 0x00007ffaa578a000 	C:\Program Files\Java\jre1.8.0_221\bin\MSVCP140.dll
0x00007ffac7ef0000 - 0x00007ffac7f06000 	C:\Program Files\Java\jre1.8.0_221\bin\VCRUNTIME140.dll
0x00007ffad0190000 - 0x00007ffad019b000 	C:\windows\SYSTEM32\CRYPTBASE.DLL
0x00007ffac8b80000 - 0x00007ffac8d49000 	C:\windows\SYSTEM32\dbghelp.dll

VM Arguments:
jvm_args: -Dfile.encoding=UTF-8 
java_command: DM.test.App
java_class_path (initial): C:\Users\user\eclipse-workspace\11\target\classes;C:\Users\user\.m2\repository\commons-io\commons-io\2.6\commons-io-2.6.jar;C:\Users\user\.m2\repository\org\tensorflow\tensorflow\1.12.0\tensorflow-1.12.0.jar;C:\Users\user\.m2\repository\org\tensorflow\libtensorflow_jni\1.12.0\libtensorflow_jni-1.12.0.jar;C:\Users\user\.m2\repository\org\tensorflow\libtensorflow\1.12.0\libtensorflow-1.12.0.jar;C:\Users\user\.m2\repository\com\google\guava\guava\27.0-jre\guava-27.0-jre.jar;C:\Users\user\.m2\repository\com\google\guava\failureaccess\1.0\failureaccess-1.0.jar;C:\Users\user\.m2\repository\com\google\guava\listenablefuture\9999.0-empty-to-avoid-conflict-with-guava\listenablefuture-9999.0-empty-to-avoid-conflict-with-guava.jar;C:\Users\user\.m2\repository\com\google\code\findbugs\jsr305\3.0.2\jsr305-3.0.2.jar;C:\Users\user\.m2\repository\org\checkerframework\checker-qual\2.5.2\checker-qual-2.5.2.jar;C:\Users\user\.m2\repository\com\google\errorprone\error_prone_annotations\2.2.0\error_prone_annotations-2.2.0.jar;C:\Users\user\.m2\repository\com\google\j2objc\j2objc-annotations\1.1\j2objc-annotations-1.1.jar;C:\Users\user\.m2\repository\org\codehaus\mojo\animal-sniffer-annotations\1.17\animal-sniffer-annotations-1.17.jar
Launcher Type: SUN_STANDARD

Environment Variables:
PATH=C:/Program Files/Java/jre1.8.0_221/bin/server;C:/Program Files/Java/jre1.8.0_221/bin;C:/Program Files/Java/jre1.8.0_221/lib/amd64;C:\Program Files (x86)\Common Files\Oracle\Java\javapath;C:\windows\system32;C:\windows;C:\windows\System32\Wbem;C:\windows\System32\WindowsPowerShell\v1.0\;C:\windows\System32\OpenSSH\;C:\Program Files\apache-maven-3.6.1\bin;C:\Program Files\nodejs\;C:\glo663wb\bin;C:\mingw64\bin;C:\Program Files\PuTTY\;C:\Users\user\Anaconda3;C:\Users\user\Anaconda3\Scripts;C:\Users\user\Anaconda3\Library\bin;C:\Program Files\Git\cmd;C:\Program Files (x86)\Windows Kits\8.1\Windows Performance Toolkit\;C:\Program Files (x86)\Graphviz2.38\bin;C:\Program Files\TortoiseSVN\bin;C:\Users\user\AppData\Local\Microsoft\WindowsApps;C:\Users\user\AppData\Local\GitHubDesktop\bin;C:\Users\user\AppData\Local\Programs\Microsoft VS Code\bin;C:\Program Files\Bandizip\;C:\Users\user\AppData\Roaming\npm;C:\Users\user\Desktop;
USERNAME=user
OS=Windows_NT
PROCESSOR_IDENTIFIER=Intel64 Family 6 Model 142 Stepping 9, GenuineIntel



---------------  S Y S T E M  ---------------

OS: Windows 10.0 , 64 bit Build 17134 (10.0.17134.753)

CPU:total 4 (initial active 4) (2 cores per cpu, 2 threads per core) family 6 model 142 stepping 9, cmov, cx8, fxsr, mmx, sse, sse2, sse3, ssse3, sse4.1, sse4.2, popcnt, avx, avx2, aes, clmul, erms, 3dnowpref, lzcnt, ht, tsc, tscinvbit, bmi1, bmi2, adx

Memory: 4k page, physical 8239968k(698760k free), swap 23708892k(2652k free)

vm_info: Java HotSpot(TM) 64-Bit Server VM (25.221-b11) for windows-amd64 JRE (1.8.0_221-b11), built on Jul  4 2019 04:39:29 by "java_re" with MS VC++ 10.0 (VS2010)

time: Tue Jul 23 10:10:22 2019
timezone: 中国标准时间
elapsed time: 86 seconds (0d 0h 1m 26s)

